0 info it worked if it ends with ok
1 verbose cli [ '/usr/local/bin/node', '/usr/local/bin/npm', 'run', 'clean' ]
2 info using npm@3.10.10
3 info using node@v6.10.2
4 verbose run-script [ 'preclean', 'clean', 'postclean' ]
5 info lifecycle @~preclean: @
6 silly lifecycle @~preclean: no script for preclean, continuing
7 info lifecycle @~clean: @
8 verbose lifecycle @~clean: unsafe-perm in lifecycle true
9 verbose lifecycle @~clean: PATH: /usr/local/lib/node_modules/npm/bin/node-gyp-bin:/Users/jslowack/Sites/peoplemap/node_modules/.bin:/usr/local/bin:/usr/bin:/bin:/usr/sbin:/sbin:/Applications/DevDesktop/drush:/Users/jslowack/Library/Android/sdk//tools:/Users/jslowack/Library/Android/sdk//platform-tools:/usr/local/bin:/Applications/DevDesktop/drush:/Users/jslowack/Library/Android/sdk//tools:/Users/jslowack/Library/Android/sdk//platform-tools
10 verbose lifecycle @~clean: CWD: /Users/jslowack/Sites/peoplemap
11 silly lifecycle @~clean: Args: [ '-c', 'node dist/clean.js' ]
12 silly lifecycle @~clean: Returned: code: 1  signal: null
13 info lifecycle @~clean: Failed to exec clean script
14 verbose stack Error: @ clean: `node dist/clean.js`
14 verbose stack Exit status 1
14 verbose stack     at EventEmitter.<anonymous> (/usr/local/lib/node_modules/npm/lib/utils/lifecycle.js:255:16)
14 verbose stack     at emitTwo (events.js:106:13)
14 verbose stack     at EventEmitter.emit (events.js:191:7)
14 verbose stack     at ChildProcess.<anonymous> (/usr/local/lib/node_modules/npm/lib/utils/spawn.js:40:14)
14 verbose stack     at emitTwo (events.js:106:13)
14 verbose stack     at ChildProcess.emit (events.js:191:7)
14 verbose stack     at maybeClose (internal/child_process.js:886:16)
14 verbose stack     at Process.ChildProcess._handle.onexit (internal/child_process.js:226:5)
15 verbose pkgid @
16 verbose cwd /Users/jslowack/Sites/peoplemap
17 error Darwin 16.5.0
18 error argv "/usr/local/bin/node" "/usr/local/bin/npm" "run" "clean"
19 error node v6.10.2
20 error npm  v3.10.10
21 error code ELIFECYCLE
22 error @ clean: `node dist/clean.js`
22 error Exit status 1
23 error Failed at the @ clean script 'node dist/clean.js'.
23 error Make sure you have the latest version of node.js and npm installed.
23 error If you do, this is most likely a problem with the  package,
23 error not with npm itself.
23 error Tell the author that this fails on your system:
23 error     node dist/clean.js
23 error You can get information on how to open an issue for this project with:
23 error     npm bugs
23 error Or if that isn't available, you can get their info via:
23 error     npm owner ls
23 error There is likely additional logging output above.
24 verbose exit [ 1, true ]
